<?xml version="1.0" encoding="UTF-8"?>
<testng-results ignored="0" total="1" passed="1" failed="0" skipped="0">
  <reporter-output>
  </reporter-output>
  <suite started-at="2023-06-26T11:50:44 MYT" name="Default suite" finished-at="2023-06-26T11:50:54 MYT" duration-ms="9274">
    <groups>
    </groups>
    <test started-at="2023-06-26T11:50:44 MYT" name="Default test" finished-at="2023-06-26T11:50:54 MYT" duration-ms="9274">
      <class name="testcases.TC001_Hotels_Navigate_To_Hotel_Search">
        <test-method is-config="true" signature="setup()[pri:0, instance:testcases.TC001_Hotels_Navigate_To_Hotel_Search@6138e79a]" started-at="2023-06-26T11:50:44 MYT" name="setup" finished-at="2023-06-26T11:50:53 MYT" duration-ms="8470" status="PASS">
          <reporter-output>
          </reporter-output>
        </test-method> <!-- setup -->
        <test-method signature="navigateToHotelSearch()[pri:0, instance:testcases.TC001_Hotels_Navigate_To_Hotel_Search@6138e79a]" started-at="2023-06-26T11:50:53 MYT" name="navigateToHotelSearch" finished-at="2023-06-26T11:50:53 MYT" duration-ms="554" status="PASS">
          <reporter-output>
          </reporter-output>
        </test-method> <!-- navigateToHotelSearch -->
        <test-method is-config="true" signature="tearDown()[pri:0, instance:testcases.TC001_Hotels_Navigate_To_Hotel_Search@6138e79a]" started-at="2023-06-26T11:50:53 MYT" name="tearDown" finished-at="2023-06-26T11:50:54 MYT" duration-ms="197" status="PASS">
          <reporter-output>
          </reporter-output>
        </test-method> <!-- tearDown -->
      </class> <!-- testcases.TC001_Hotels_Navigate_To_Hotel_Search -->
    </test> <!-- Default test -->
  </suite> <!-- Default suite -->
</testng-results>
