<?xml version="1.0" encoding="UTF-8"?>
<!-- Generated by org.testng.reporters.JUnitXMLReporter -->
<testsuite ignored="0" hostname="DESKTOP-U9QRA71" failures="1" tests="15" name="wegoHotelSearchTestCases" time="168.044" errors="0" timestamp="2023-06-26T11:28:08 MYT">
  <testcase classname="testcases.TC007_CheckOut_LessThan_CheckIn_Date" name="checkOutLessThanCheckIn" time="3.896"/>
  <testcase classname="testcases.TC012_Search_WithFreeCancellation" name="WithFreeCancellation" time="4.136"/>
  <testcase classname="testcases.TC008_GuestAndRooms_Max40Guests_5Room" name="guestsAndRoomsMax40Guests5Rooms" time="7.83"/>
  <testcase classname="testcases.TC001_Hotels_Navigate_To_Hotel_Search" name="navigateToHotelSearch" time="0.635"/>
  <testcase classname="testcases.TC009_GuestsAndRooms_Max40Guests_Max10Rooms" name="guestsAndRoomsMax40Guests10Rooms" time="12.061"/>
  <testcase classname="testcases.TC003_Destination_WithPopularCity" name="destinationWithPopularCity" time="1.358"/>
  <testcase classname="testcases.TC002_Destination_WithSpecificCity" name="destinationWithSpecificCity" time="1.76"/>
  <testcase classname="testcases.TC011_GuestsAndRooms_Add_Delete_Rooms" name="addDeleteGuestsAndRooms" time="4.957"/>
  <testcase classname="testcases.TC005_CheckIn_CheckOut_ValidDays" name="checkInCheckOutValidDays" time="2.661"/>
  <testcase classname="testcases.TC015_Search_All_Input_Values" name="searchWith_Empty_Destination_CheckIn_CheckOut" time="10.915"/>
  <testcase classname="testcases.TC004_CheckIn_PastDays" name="checkInPastDays" time="2.137"/>
  <testcase classname="testcases.TC006_CheckIn_CheckOut_SameDay" name="checkInCheckOutSameDay" time="2.883"/>
  <testcase classname="testcases.TC010_GuestsAndRooms_Minimum_1_Adult_1_Room" name="guestsAndRoomsMin1Adult1Room" time="2.917">
    <failure type="java.lang.AssertionError" message="expected [1] but found [2]">
      <![CDATA[java.lang.AssertionError: expected [1] but found [2]
at testcases.TC010_GuestsAndRooms_Minimum_1_Adult_1_Room.guestsAndRoomsMin1Adult1Room(TC010_GuestsAndRooms_Minimum_1_Adult_1_Room.java:42)
at java.base/java.util.ArrayList.forEach(ArrayList.java:1511)
... Removed 34 stack frames]]>
    </failure>
  </testcase> <!-- guestsAndRoomsMin1Adult1Room -->
  <testcase classname="testcases.TC014_Search_ComparisonWithOutOtherWebsites2" name="ComparisonWithOutOtherWebsites2" time="3.714"/>
  <testcase classname="testcases.TC013_Search_ComparisonWithOtherWebsites" name="ComparisonWithOtherWebsites" time="8.902"/>
</testsuite> <!-- wegoHotelSearchTestCases -->
